Jul  2 18:48:08 ts-imx6ul timeLapse[365]: Current date is: Fri Jul  2 18:48:08 UTC 2021
Jul  2 18:48:08 ts-imx6ul timeLapse[365]: Next up on the schedule is: 07/02/2021#01118:50:00
Jul  2 18:48:08 ts-imx6ul timeLapse[365]: Time difference is: -112
Jul  2 18:48:08 ts-imx6ul timeLapse[365]: On schedule, taking photo
Jul  2 18:48:22 ts-imx6ul timeLapse[365]: New file is in location /store_00010001/DCIM/100D5600/INT_0070.JPG on the camera
Jul  2 18:48:22 ts-imx6ul timeLapse[365]: Saving file as INT_0070.JPG
Jul  2 18:48:25 ts-imx6ul timeLapse[365]: Keeping file /store_00010001/DCIM/100D5600/INT_0070.JPG on the camera
Jul  2 18:48:27 ts-imx6ul timeLapse[365]: Calculating time to sleep
Jul  2 18:48:27 ts-imx6ul timeLapse[365]: Time to sleep: 393
Jul  2 18:48:32 ts-imx6ul timeLapse[365]: Going to sleep
Jul  2 18:48:34 ts-imx6ul timeLapse[365]: Input is unacceptable, closing program
Jul  2 18:50:46 ts-imx6ul timeLapse[365]: Current date is: Fri Jul  2 18:50:46 UTC 2021
Jul  2 18:50:46 ts-imx6ul timeLapse[365]: Next up on the schedule is: 07/02/2021#01118:55:00
Jul  2 18:50:46 ts-imx6ul timeLapse[365]: Time difference is: -254
Jul  2 18:50:46 ts-imx6ul timeLapse[365]: Early wakeup
Jul  2 18:50:46 ts-imx6ul timeLapse[365]: Calculating time to sleep
Jul  2 18:50:46 ts-imx6ul timeLapse[365]: Time to sleep: 254
Jul  2 18:50:51 ts-imx6ul timeLapse[365]: Going to sleep
Jul  2 18:50:53 ts-imx6ul timeLapse[365]: Input is unacceptable, closing program
Jul  2 18:53:53 ts-imx6ul timeLapse[364]: Current date is: Fri Jul  2 18:53:53 UTC 2021
Jul  2 18:53:53 ts-imx6ul timeLapse[364]: Next up on the schedule is: 07/02/2021#01118:55:00
Jul  2 18:53:53 ts-imx6ul timeLapse[364]: Time difference is: -67
Jul  2 18:53:53 ts-imx6ul timeLapse[364]: On schedule, taking photo
Jul  2 18:54:07 ts-imx6ul timeLapse[364]: New file is in location /store_00010001/DCIM/100D5600/INT_0071.JPG on the camera
Jul  2 18:54:07 ts-imx6ul timeLapse[364]: Saving file as INT_0071.JPG
Jul  2 18:54:10 ts-imx6ul timeLapse[364]: Keeping file /store_00010001/DCIM/100D5600/INT_0071.JPG on the camera
Jul  2 19:09:55 ts-imx6ul timeLapse[364]: Current date is: Fri Jul  2 19:09:55 UTC 2021
Jul  2 19:09:55 ts-imx6ul timeLapse[364]: Next up on the schedule is: 07/02/2021#01118:55:00
Jul  2 19:09:55 ts-imx6ul timeLapse[364]: Time difference is: 895
Jul  2 19:09:55 ts-imx6ul timeLapse[364]: Late wake up time, adjusting schedule
Jul  2 19:09:55 ts-imx6ul timeLapse[364]: Done editing the schedule
Jul  2 19:09:55 ts-imx6ul timeLapse[364]: Schedule caught up, current time is scheduled period
Jul  2 19:09:55 ts-imx6ul timeLapse[364]: Taking photo
Jul  2 19:10:11 ts-imx6ul timeLapse[364]: New file is in location /store_00010001/DCIM/100D5600/INT_0072.JPG on the camera
Jul  2 19:10:11 ts-imx6ul timeLapse[364]: Saving file as INT_0072.JPG
Jul 12 15:21:02 ts-imx6ul timeLapse[364]: Current date is: Mon Jul 12 15:21:02 UTC 2021
Jul 12 15:21:02 ts-imx6ul timeLapse[364]: Next up on the schedule is: 07/02/2021#01119:10:00
Jul 12 15:21:02 ts-imx6ul timeLapse[364]: Time difference is: 850262
Jul 12 15:21:02 ts-imx6ul timeLapse[364]: Late wake up time, adjusting schedule
Jul 12 15:21:05 ts-imx6ul timeLapse[364]: Done editing the schedule
Jul 12 15:21:05 ts-imx6ul timeLapse[364]: Schedule caught up
Jul 12 15:21:05 ts-imx6ul timeLapse[364]: Schedule is empty, action is needed
Jul 12 15:43:40 ts-imx6ul timeLapse[362]: Current date is: Mon Jul 12 15:43:40 UTC 2021
Jul 12 15:43:40 ts-imx6ul timeLapse[362]: End of Schedule, shutting down
Jul 12 15:48:48 ts-imx6ul timeLapse[364]: Current date is: Mon Jul 12 15:48:48 UTC 2021
Jul 12 15:48:48 ts-imx6ul timeLapse[364]: End of Schedule, shutting down
Jul 12 15:58:04 ts-imx6ul timeLapse[364]: Current date is: Mon Jul 12 15:58:04 UTC 2021
Jul 12 15:58:04 ts-imx6ul timeLapse[364]: End of Schedule, shutting down
Jul 12 16:18:11 ts-imx6ul timeLapse[365]: Current date is: Mon Jul 12 16:18:11 UTC 2021
Jul 12 16:18:11 ts-imx6ul timeLapse[365]: End of Schedule, shutting down
Jul 12 16:23:14 ts-imx6ul timeLapse[364]: Current date is: Mon Jul 12 16:23:14 UTC 2021
Jul 12 16:23:14 ts-imx6ul timeLapse[364]: End of Schedule, shutting down
Jul 12 17:01:04 ts-imx6ul timeLapse[368]: Current date is: Mon Jul 12 17:01:04 UTC 2021
Jul 12 17:01:04 ts-imx6ul timeLapse[368]: End of Schedule, shutting down
Jul 12 20:54:32 ts-imx6ul timeLapse[363]: Current date is: Mon Jul 12 20:54:32 UTC 2021
Jul 12 20:54:32 ts-imx6ul timeLapse[363]: End of Schedule, shutting down
